<?xml version="1.0" encoding="UTF-8"?>
<!-- Generated by org.testng.reporters.JUnitReportReporter -->
<testsuite skipped="0" hostname="DESKTOP-H21MM63" name="testautomation.MavenDemo1.AppTest" tests="1" failures="0" timestamp="2020-04-21T19:32:06 IST" time="0.000" errors="0">
  <testcase name="testApp" time="0.000" classname="testautomation.MavenDemo1.AppTest"/>
</testsuite> <!-- testautomation.MavenDemo1.AppTest -->
