<?xml version="1.0" encoding="UTF-8"?>
<!-- Generated by org.testng.reporters.JUnitReportReporter -->
<testsuite hostname="DESKTOP-H21MM63" name="testautomation.MavenDemo1.SeleniumTest" tests="2" failures="0" timestamp="21 Apr 2020 14:00:32 GMT" time="0.020" errors="0">
  <testcase name="InvokeBrowser" time="0.020" classname="testautomation.MavenDemo1.SeleniumTest"/>
  <testcase name="ValidateElements" time="0.000" classname="testautomation.MavenDemo1.SeleniumTest"/>
</testsuite> <!-- testautomation.MavenDemo1.SeleniumTest -->
